f:\проекты c# и c++\hapfmancourss\hapfman\x64\debug\vc142.pdb
f:\проекты c# и c++\hapfmancourss\hapfman\x64\debug\vc142.idb
f:\проекты c# и c++\hapfmancourss\hapfman\x64\debug\counttree.obj
f:\проекты c# и c++\hapfmancourss\hapfman\x64\debug\main.obj
f:\проекты c# и c++\hapfmancourss\hapfman\x64\debug\haffmantree.obj
f:\проекты c# и c++\hapfmancourswork. ver-0.6.12\hapfman\x64\debug\vc142.pdb
f:\проекты c# и c++\hapfmancourswork. ver-0.6.12\hapfman\x64\debug\vc142.idb
f:\проекты c# и c++\hapfmancourswork. ver-0.6.12\hapfman\x64\debug\counttree.obj
f:\проекты c# и c++\hapfmancourswork. ver-0.6.12\hapfman\x64\debug\main.obj
f:\проекты c# и c++\hapfmancourswork. ver-0.6.12\hapfman\x64\debug\haffmantree.obj
f:\проекты c# и c++\hapfmancourss\x64\debug\hapfman.exe
f:\проекты c# и c++\hapfmancourss\x64\debug\hapfman.ilk
f:\проекты c# и c++\hapfmancourss\x64\debug\hapfman.pdb
f:\проекты c# и c++\hapfmancourswork. ver-0.6.12\x64\debug\hapfman.exe
f:\проекты c# и c++\hapfmancourswork. ver-0.6.12\x64\debug\hapfman.ilk
f:\проекты c# и c++\hapfmancourswork. ver-0.6.12\x64\debug\hapfman.pdb
f:\проекты c# и c++\hapfmancourswork. ver-0.6.12\hapfman\x64\debug\hapfman.tlog\cl.command.1.tlog
f:\проекты c# и c++\hapfmancourswork. ver-0.6.12\hapfman\x64\debug\hapfman.tlog\cl.read.1.tlog
f:\проекты c# и c++\hapfmancourswork. ver-0.6.12\hapfman\x64\debug\hapfman.tlog\cl.write.1.tlog
f:\проекты c# и c++\hapfmancourswork. ver-0.6.12\hapfman\x64\debug\hapfman.tlog\link.command.1.tlog
f:\проекты c# и c++\hapfmancourswork. ver-0.6.12\hapfman\x64\debug\hapfman.tlog\link.read.1.tlog
f:\проекты c# и c++\hapfmancourswork. ver-0.6.12\hapfman\x64\debug\hapfman.tlog\link.write.1.tlog
